INFO [2019-03-19 22:47:00] [vlasov.evgeny]  Using built in instapy-chromedriver executable (version 2.46)
INFO [2019-03-19 22:47:02] [vlasov.evgeny]  Session started!
INFO [2019-03-19 22:48:05] [vlasov.evgeny]  Logged in successfully!
INFO [2019-03-19 22:48:05] [vlasov.evgeny]  Saving account progress...
INFO [2019-03-19 22:48:10] [vlasov.evgeny]  Tag [1/2]
INFO [2019-03-19 22:48:10] [vlasov.evgeny]  --> b'programming'
INFO [2019-03-19 22:48:21] [vlasov.evgeny]  desired amount: 5  |  top posts [disabled]: 9  |  possible posts: 1894250
INFO [2019-03-19 22:48:28] [vlasov.evgeny]  [1/5]
INFO [2019-03-19 22:48:28] [vlasov.evgeny]  https://www.instagram.com/p/BvM8E2DAwoU/
INFO [2019-03-19 22:48:32] [vlasov.evgeny]  Image from: b'bakerwebsolutions'
INFO [2019-03-19 22:48:32] [vlasov.evgeny]  Link: b'https://www.instagram.com/p/BvM8E2DAwoU/'
INFO [2019-03-19 22:48:32] [vlasov.evgeny]  Description: b'But I like the way you think!'
INFO [2019-03-19 22:48:37] [vlasov.evgeny]  User: 'bakerwebsolutions'  |> followers: 312  |> following: 1596  |> relationship ratio: 0.19
INFO [2019-03-19 22:48:37] [vlasov.evgeny]  'bakerwebsolutions' is not a potential user with the relationship ratio of 0.19  ~skipping user

INFO [2019-03-19 22:48:37] [vlasov.evgeny]  [2/5]
INFO [2019-03-19 22:48:37] [vlasov.evgeny]  https://www.instagram.com/p/BvM8EgeAWLa/
INFO [2019-03-19 22:48:40] [vlasov.evgeny]  Image from: b'programer.jokes'
INFO [2019-03-19 22:48:40] [vlasov.evgeny]  Link: b'https://www.instagram.com/p/BvM8EgeAWLa/'
INFO [2019-03-19 22:48:40] [vlasov.evgeny]  Description: b'#programming #software #programmerhumor #coding #codingmemes #programmerlife'
INFO [2019-03-19 22:48:44] [vlasov.evgeny]  User: 'programer.jokes'  |> followers: 436  |> following: 7  |> relationship ratio: 62.28
INFO [2019-03-19 22:48:54] [vlasov.evgeny]  Last follow is verified after reloading the page!
INFO [2019-03-19 22:48:54] [vlasov.evgeny]  --> Followed 'b'programer.jokes''!
INFO [2019-03-19 22:48:56] [vlasov.evgeny]  [3/5]
INFO [2019-03-19 22:48:56] [vlasov.evgeny]  https://www.instagram.com/p/BvM8DArAht4/
INFO [2019-03-19 22:49:00] [vlasov.evgeny]  Image from: b'programer.jokes'
INFO [2019-03-19 22:49:00] [vlasov.evgeny]  Link: b'https://www.instagram.com/p/BvM8DArAht4/'
INFO [2019-03-19 22:49:00] [vlasov.evgeny]  Description: b'#programming #software #programmerhumor #coding #codingmemes #programmerlife'
INFO [2019-03-19 22:49:04] [vlasov.evgeny]  User: 'programer.jokes'  |> followers: 437  |> following: 25  |> relationship ratio: 17.48
INFO [2019-03-19 22:49:08] [vlasov.evgeny]  --> Already following 'programer.jokes'!

INFO [2019-03-19 22:49:09] [vlasov.evgeny]  [4/5]
INFO [2019-03-19 22:49:09] [vlasov.evgeny]  https://www.instagram.com/p/BvM8BmmAgCc/
INFO [2019-03-19 22:49:12] [vlasov.evgeny]  Image from: b'programer.jokes'
INFO [2019-03-19 22:49:12] [vlasov.evgeny]  Link: b'https://www.instagram.com/p/BvM8BmmAgCc/'
INFO [2019-03-19 22:49:12] [vlasov.evgeny]  Description: b'#programming #software #programmerhumor #coding #codingmemes #programmerlife'
INFO [2019-03-19 22:49:17] [vlasov.evgeny]  User: 'programer.jokes'  |> followers: 437  |> following: 37  |> relationship ratio: 11.81
INFO [2019-03-19 22:49:21] [vlasov.evgeny]  --> Already following 'programer.jokes'!

INFO [2019-03-19 22:49:22] [vlasov.evgeny]  [5/5]
INFO [2019-03-19 22:49:22] [vlasov.evgeny]  https://www.instagram.com/p/BvM8BHiA6xG/
INFO [2019-03-19 22:49:26] [vlasov.evgeny]  Image from: b'anibalgonda'
INFO [2019-03-19 22:49:26] [vlasov.evgeny]  Link: b'https://www.instagram.com/p/BvM8BHiA6xG/'
INFO [2019-03-19 22:49:26] [vlasov.evgeny]  Description: b'As\xc3\xad se vivi\xc3\xb3 Campus Party\n#CPUY1\n.\n.\n.\n.\n.\n.\n#innovation \n#campusparty #tecnologia #emprendedores #geeks #ux #science #innovacion #cultura #geek  #puntadeleste  #cpuy1 #inspiracion  #campuspartyuy #campuseros #movistar #techbology  #maldonado # conventioncenter #CentrodeConvenciones #campusparty #campusparty2019 #fotografosuy #programming #development'
INFO [2019-03-19 22:49:32] [vlasov.evgeny]  User: 'anibalgonda'  |> followers: 491  |> following: 304  |> relationship ratio: 1.61
INFO [2019-03-19 22:49:39] [vlasov.evgeny]  Last follow is verified after reloading the page!
INFO [2019-03-19 22:49:39] [vlasov.evgeny]  --> Followed 'b'anibalgonda''!
INFO [2019-03-19 22:49:42] [vlasov.evgeny]  Tag [2/2]
INFO [2019-03-19 22:49:42] [vlasov.evgeny]  --> b'code'
INFO [2019-03-19 22:49:53] [vlasov.evgeny]  desired amount: 5  |  top posts [disabled]: 9  |  possible posts: 5393998
INFO [2019-03-19 22:50:02] [vlasov.evgeny]  [1/5]
INFO [2019-03-19 22:50:02] [vlasov.evgeny]  https://www.instagram.com/p/BvM8R_rgC08/
INFO [2019-03-19 22:50:06] [vlasov.evgeny]  Image from: b'go2technologies'
INFO [2019-03-19 22:50:06] [vlasov.evgeny]  Link: b'https://www.instagram.com/p/BvM8R_rgC08/'
INFO [2019-03-19 22:50:06] [vlasov.evgeny]  Description: b'Tag your Friends @go2technologies \xf0\x9f\x98\x9c\xf0\x9f\x98\x9c\xf0\x9f\x98\x9c\n#programmer #programming #web #webdevelopment #developer #code #coding #python #javascript #html #css #ai #development #developing #android #coder #wordpress #webdesign #webdesigner #frontend #backend #siliconvalley #worldcode #js #delphi #php #nodejs #2019'
INFO [2019-03-19 22:50:11] [vlasov.evgeny]  User: 'go2technologies'  |> followers: 1705  |> following: 1504  |> relationship ratio: 1.13
INFO [2019-03-19 22:50:11] [vlasov.evgeny]  'go2technologies' is not a potential user with the relationship ratio of 1.13  ~skipping user

INFO [2019-03-19 22:50:11] [vlasov.evgeny]  [2/5]
INFO [2019-03-19 22:50:11] [vlasov.evgeny]  https://www.instagram.com/p/BvM8PywgM5a/
INFO [2019-03-19 22:50:14] [vlasov.evgeny]  Image from: b'useworkhero'
INFO [2019-03-19 22:50:14] [vlasov.evgeny]  Link: b'https://www.instagram.com/p/BvM8PywgM5a/'
INFO [2019-03-19 22:50:14] [vlasov.evgeny]  Description: b"The Product of the Week: Remove.bg  Let's imagine you took a wonderful photo but the background is an OMG kind of background \xf0\x9f\xa4\xaf.How much effort would you put into removing the background? Don't you worry.  Our super work hero Marvin has a product suggestion for you. \xf0\x9f\x98\x8f With Remove.bg, you can remove the background of any image instantly! Check our bio for the link to Remove.bg! \xf0\x9f\xa5\xb3\n\n#onlinemarketer #startups #entrepreneurs #graphicdesign #entreperneurslife #digitalmarketing #growth #marketingonline #marketer #smallbusiness #blogger #healthcoach #healthcoaches #wordpress #design #infographic #wordpresscommunity #wordpresstheme #wordpressdevelopment #coding #code"
INFO [2019-03-19 22:50:18] [vlasov.evgeny]  User: 'useworkhero'  |> followers: 108  |> following: 522  |> relationship ratio: 0.2
INFO [2019-03-19 22:50:18] [vlasov.evgeny]  'useworkhero' is not a potential user with the relationship ratio of 0.2  ~skipping user

INFO [2019-03-19 22:50:18] [vlasov.evgeny]  [3/5]
INFO [2019-03-19 22:50:18] [vlasov.evgeny]  https://www.instagram.com/p/BvM8Pj7lPAB/
INFO [2019-03-19 22:50:22] [vlasov.evgeny]  Image from: b'hnlee917k49'
INFO [2019-03-19 22:50:22] [vlasov.evgeny]  Link: b'https://www.instagram.com/p/BvM8Pj7lPAB/'
INFO [2019-03-19 22:50:22] [vlasov.evgeny]  Description: b'\xe2\x98\x85\n\xe5\x8d\x92\xe5\x9c\x92\xe3\x82\xb3\xe3\x83\xbc\xe3\x83\x87\n.\n.\n#\xe3\x83\x9e\xe3\x83\x9e\xe3\x82\xb3\xe3\x83\xbc\xe3\x83\x87#\xe3\x82\xab\xe3\x82\xb8\xe3\x83\xa5\xe3\x82\xa2\xe3\x83\xab#\xe3\x82\xa2\xe3\x83\xa9\xe3\x82\xb5\xe3\x83\xbc#\xe3\x83\x8f\xe3\x83\xbc\xe3\x83\x95\xe3\x82\xa2\xe3\x83\x83\xe3\x83\x97#\xe3\x83\x95\xe3\x82\xa9\xe3\x83\xbc\xe3\x83\x9e\xe3\x83\xab#\xe3\x82\xbb\xe3\x83\x83\xe3\x83\x88\xe3\x82\xa2\xe3\x83\x83\xe3\x83\x97#\xe7\xb6\xba\xe9\xba\x97\xe7\x9b\xae\xe3\x82\xb3\xe3\x83\xbc\xe3\x83\x87 #\xe5\x8d\x92\xe5\x9c\x92\xe5\xbc\x8f\xe3\x82\xb3\xe3\x83\xbc\xe3\x83\x87#\xe3\x83\x97\xe3\x83\x81\xe3\x83\x97\xe3\x83\xa9\xe3\x82\xb3\xe3\x83\xbc\xe3\x83\x87#\xe3\x82\xb7\xe3\x83\xb3\xe3\x83\x97\xe3\x83\xab#\xe5\x8d\x92\xe5\x9c\x92\xe5\xbc\x8f#\xe3\x81\x97\xe3\x81\xbe\xe3\x82\x80\xe3\x82\x89#mama#fashion #ootd#style #instagood #mamagirl #locari #likeforlikes #hm#code#simple#formal\n.\n.\n.\n\xe3\x81\xbe\xe3\x81\x84\xe3\x81\xa9\xf0\x9f\x8c\x9f\n#\xe4\xbb\x8a\xe6\x97\xa5\xe3\x81\xae\xe6\x9c\x8d\n3\xe5\xb9\xb4\xe5\x89\x8d\xe3\x81\xae\xe5\x85\xa5\xe5\x9c\x92\xe5\xbc\x8f\xe3\x81\xa7\xe7\x9d\x80\xe3\x81\x9fH &M\xe3\x81\xae\n\xe3\x83\x94\xe3\x83\xb3\xe3\x82\xaf\xe3\x82\xb8\xe3\x83\xa3\xe3\x82\xb1\xe5\x86\x8d\xe5\x88\xa9\xe7\x94\xa8\n\xe4\xbc\xbc\xe3\x81\x9f\xe3\x82\x88\xe3\x83\xbc\xe3\x81\xaa\xe8\x89\xb2\xe3\x81\xae\xe3\x83\x91\xe3\x83\xb3\xe3\x83\x84\xe3\x81\xa0\xe3\x81\x91\n\xe3\x83\x8f\xe3\x83\x8b\xe3\x83\xbc\xe3\x82\xba\xe3\x81\xa7\xe8\xb2\xb7\xe3\x81\xa3\xe3\x81\x9f\xe3\x82\x88\n\xe9\xbb\x92\xe3\x81\xae\xe3\x83\x95\xe3\x82\xa9\xe3\x83\xbc\xe3\x83\x9e\xe3\x83\xab\xe3\x81\x8c\xe4\xbc\xbc\xe5\x90\x88\xe3\x82\x8f\xe3\x82\x93\xe3\x81\x8b\xe3\x82\x89\n\xe7\xb5\x90\xe5\xb1\x80\xe3\x83\x94\xe3\x83\xb3\xe3\x82\xaf\xe3\x81\xab\xe9\x80\x83\xe3\x81\x92\xe3\x82\x8b\xe3\x82\xaa\xe3\x83\x81\n\xe5\x85\xa5\xe5\xad\xa6\xe5\xbc\x8f\xe3\x82\x82\xe3\x81\x93\xe3\x82\x8c\xe3\x81\xa7\xe8\xa1\x8c\xe3\x81\x8f\xe3\x81\x8b\xe3\x82\x89\xe3\x81\xaa\xe2\x86\x90\n\xe3\x82\x82\xe3\x81\xa1\xe3\x82\x8d\xe3\x82\x93\xe7\xa7\x81\xe4\xbb\xa5\xe5\xa4\x96\xe3\x81\xbf\xe3\x82\x93\xe3\x81\xaa\xe9\xbb\x92\xe3\x81\xa7\xe3\x81\x97\xe3\x81\x9f\n#\xe3\x82\x8f\xe3\x81\x8b\xe3\x81\xa3\xe3\x81\xa6\xe3\x81\x9f\xe3\x82\x88\n3\xe6\x9c\x88\xe3\x81\xaf\xe5\x88\xa5\xe3\x82\x8c\xe3\x81\xae\xe5\xad\xa3\xe7\xaf\x80\xe3\x81\xa7\xe3\x82\x82\xe3\x81\x82\xe3\x82\x8a\n\xe5\xad\x90\xe4\xbe\x9b\xe3\x81\x9f\xe3\x81\xa1\xe3\x81\xae\xe6\x88\x90\xe9\x95\xb7\xe3\x82\x92\xe8\xa6\x8b\xe3\x82\x8c\xe3\x82\x8b\xe5\xad\xa3\xe7\xaf\x80\xe3\x81\xa7\xe3\x82\x82\n\xe3\x81\x82\xe3\x82\x8b\xe3\x81\xaa\xe3\x81\x81\xe3\x81\xa8\xe3\x81\x97\xe3\x81\xbf\xe3\x81\x98\xe3\x81\xbf\n\xe3\x81\x8a\xe3\x81\xb0\xe3\x81\xb0\xe3\x81\xaf\xe6\x84\x9f\xe7\x84\xa1\xe9\x87\x8f\xe3\x81\xa7\xe3\x81\x97\xe3\x81\x9f\xe2\x9c\xa8\n\xe3\x81\xbb\xe3\x81\xaa( ^\xcf\x89^ )\n.\n.\n.\n\xf0\x9f\x8c\xb4thank you\xf0\x9f\x8c\xb4'
INFO [2019-03-19 22:50:27] [vlasov.evgeny]  User: 'hnlee917k49'  |> followers: 20  |> following: 18  |> relationship ratio: 1.11
INFO [2019-03-19 22:50:27] [vlasov.evgeny]  'hnlee917k49' is not a potential user with the relationship ratio of 1.11  ~skipping user

INFO [2019-03-19 22:50:27] [vlasov.evgeny]  [4/5]
INFO [2019-03-19 22:50:27] [vlasov.evgeny]  https://www.instagram.com/p/BvM8NYSAIdU/
INFO [2019-03-19 22:50:30] [vlasov.evgeny]  Image from: b'panwest'
INFO [2019-03-19 22:50:30] [vlasov.evgeny]  Link: b'https://www.instagram.com/p/BvM8NYSAIdU/'
INFO [2019-03-19 22:50:30] [vlasov.evgeny]  Description: b'Ventana con #frame en #python #programacion #programando #programming #\xe7\xa8\x8b\xe5\xba\x8f\xe8\xa8\xad\xe8\xa8\x88 #code #pydroid  #coding #tipsPython'
INFO [2019-03-19 22:50:35] [vlasov.evgeny]  User: 'panwest'  |> followers: 53  |> following: 64  |> relationship ratio: 0.82
INFO [2019-03-19 22:50:35] [vlasov.evgeny]  'panwest' is not a potential user with the relationship ratio of 0.82  ~skipping user

INFO [2019-03-19 22:50:35] [vlasov.evgeny]  [5/5]
INFO [2019-03-19 22:50:35] [vlasov.evgeny]  https://www.instagram.com/p/BvM8LC1g9tc/
INFO [2019-03-19 22:50:38] [vlasov.evgeny]  Image from: b'react.ived'
INFO [2019-03-19 22:50:38] [vlasov.evgeny]  Link: b'https://www.instagram.com/p/BvM8LC1g9tc/'
INFO [2019-03-19 22:50:38] [vlasov.evgeny]  Description: b'New setup \xf0\x9f\x91\x8d\xf0\x9f\x91\x8d\xf0\x9f\x91\x8d\n.\n.\n.\n.\n.\n.\n.\n______________________________\n#React #Reactjs #developer #frontend #programming #passion #redux #reduxjs #junior #regular #senior #development #code #coding #mood #creative #Reactdeveloper #code #javascript #codinglife #webdev #webdeveloper #apple #macbook #macbookpro #wroclaw #developerwroclaw #frontendwroclaw #poland #juniordeveloper'
INFO [2019-03-19 22:50:42] [vlasov.evgeny]  User: 'react.ived'  |> followers: 52  |> following: 31  |> relationship ratio: 1.67
INFO [2019-03-19 22:50:51] [vlasov.evgeny]  Last follow is verified after reloading the page!
INFO [2019-03-19 22:50:51] [vlasov.evgeny]  --> Followed 'b'react.ived''!
INFO [2019-03-19 22:50:55] [vlasov.evgeny]  Followed: 3
INFO [2019-03-19 22:50:55] [vlasov.evgeny]  Inappropriate: 0
INFO [2019-03-19 22:50:55] [vlasov.evgeny]  Not valid users: 5

INFO [2019-03-19 22:50:55] [vlasov.evgeny]  Starting to follow user `Followers`..
INFO [2019-03-19 22:50:55] [vlasov.evgeny]  User 'therock' [1/2]
INFO [2019-03-19 22:51:39] [vlasov.evgeny]  Grabbed 5 usernames from 'therock's `Followers` to do following

INFO [2019-03-19 22:51:39] [vlasov.evgeny]  Ongoing Follow [1/5]: now following 'pang.youxue'...
INFO [2019-03-19 22:51:43] [vlasov.evgeny]  User: 'pang.youxue'  |> followers: 61  |> following: 298  |> relationship ratio: 0.2
INFO [2019-03-19 22:51:43] [vlasov.evgeny]  'pang.youxue' is not a potential user with the relationship ratio of 0.2  ~skipping user

INFO [2019-03-19 22:51:43] [vlasov.evgeny]  Ongoing Follow [2/5]: now following 'eliza.8604'...
INFO [2019-03-19 22:51:47] [vlasov.evgeny]  User: 'eliza.8604'  |> followers: 220  |> following: 899  |> relationship ratio: 0.24
INFO [2019-03-19 22:51:47] [vlasov.evgeny]  'eliza.8604' is not a potential user with the relationship ratio of 0.24  ~skipping user

INFO [2019-03-19 22:51:47] [vlasov.evgeny]  Ongoing Follow [3/5]: now following 'world_record_stone_1000000'...
INFO [2019-03-19 22:51:51] [vlasov.evgeny]  User: 'world_record_stone_1000000'  |> followers: 2859  |> following: 11  |> relationship ratio: 259.9
INFO [2019-03-19 22:51:56] [vlasov.evgeny]  Last follow is verified after reloading the page!
INFO [2019-03-19 22:51:56] [vlasov.evgeny]  --> Followed 'b'world_record_stone_1000000''!
INFO [2019-03-19 22:52:03] [vlasov.evgeny]  Follow per user: 1  |  Total Follow: 1

INFO [2019-03-19 22:52:03] [vlasov.evgeny]  Ongoing Follow [4/5]: now following 'ryanosgood.__'...
INFO [2019-03-19 22:52:07] [vlasov.evgeny]  User: 'ryanosgood.__'  |> followers: 500  |> following: 1413  |> relationship ratio: 0.35
INFO [2019-03-19 22:52:07] [vlasov.evgeny]  'ryanosgood.__' is not a potential user with the relationship ratio of 0.35  ~skipping user

INFO [2019-03-19 22:52:07] [vlasov.evgeny]  Ongoing Follow [5/5]: now following 'ghadu1999'...
INFO [2019-03-19 22:52:10] [vlasov.evgeny]  User: 'ghadu1999'  |> followers: 717  |> following: 114  |> relationship ratio: 6.28
INFO [2019-03-19 22:52:10] [vlasov.evgeny]  ghadu1999 is private account, by default skip

INFO [2019-03-19 22:52:10] [vlasov.evgeny]  User 'xaxapanda' [2/2]
INFO [2019-03-19 22:52:52] [vlasov.evgeny]  Grabbed 5 usernames from 'xaxapanda's `Followers` to do following

INFO [2019-03-19 22:52:52] [vlasov.evgeny]  Ongoing Follow [1/5]: now following '__8_8877'...
INFO [2019-03-19 22:52:56] [vlasov.evgeny]  User: '__8_8877'  |> followers: 1479  |> following: 6601  |> relationship ratio: 0.22
INFO [2019-03-19 22:52:56] [vlasov.evgeny]  '__8_8877' is not a potential user with the relationship ratio of 0.22  ~skipping user

INFO [2019-03-19 22:52:56] [vlasov.evgeny]  Ongoing Follow [2/5]: now following 'mvidio_mmm'...
INFO [2019-03-19 22:53:00] [vlasov.evgeny]  User: 'mvidio_mmm'  |> followers: 333  |> following: 1894  |> relationship ratio: 0.17
INFO [2019-03-19 22:53:00] [vlasov.evgeny]  'mvidio_mmm' is not a potential user with the relationship ratio of 0.17  ~skipping user

INFO [2019-03-19 22:53:00] [vlasov.evgeny]  Ongoing Follow [3/5]: now following 'slav3292'...
INFO [2019-03-19 22:53:04] [vlasov.evgeny]  User: 'slav3292'  |> followers: 1  |> following: 37  |> relationship ratio: 0.02
INFO [2019-03-19 22:53:04] [vlasov.evgeny]  'slav3292' is not a potential user with the relationship ratio of 0.02  ~skipping user

INFO [2019-03-19 22:53:04] [vlasov.evgeny]  Ongoing Follow [4/5]: now following 'kuramagomedov2825'...
INFO [2019-03-19 22:53:08] [vlasov.evgeny]  User: 'kuramagomedov2825'  |> followers: 115  |> following: 559  |> relationship ratio: 0.2
INFO [2019-03-19 22:53:08] [vlasov.evgeny]  'kuramagomedov2825' is not a potential user with the relationship ratio of 0.2  ~skipping user

INFO [2019-03-19 22:53:08] [vlasov.evgeny]  Ongoing Follow [5/5]: now following '__rustamovv__'...
INFO [2019-03-19 22:53:13] [vlasov.evgeny]  User: '__rustamovv__'  |> followers: 254  |> following: 384  |> relationship ratio: 0.66
INFO [2019-03-19 22:53:13] [vlasov.evgeny]  '__rustamovv__' is not a potential user with the relationship ratio of 0.66  ~skipping user

INFO [2019-03-19 22:53:13] [vlasov.evgeny]  Finished following 2 users' `Followers`! xD

INFO [2019-03-19 22:53:13] [vlasov.evgeny]  Followed: 1
INFO [2019-03-19 22:53:13] [vlasov.evgeny]  Already followed: 0
INFO [2019-03-19 22:53:13] [vlasov.evgeny]  Not valid users: 9
INFO [2019-03-19 22:53:13] [vlasov.evgeny]  Tag [1/8]
INFO [2019-03-19 22:53:13] [vlasov.evgeny]  --> b'java'
INFO [2019-03-19 22:53:23] [vlasov.evgeny]  desired amount: 10  |  top posts [disabled]: 9  |  possible posts: 2355059
INFO [2019-03-19 22:53:31] [vlasov.evgeny]  [1/10]
INFO [2019-03-19 22:53:31] [vlasov.evgeny]  https://www.instagram.com/p/BvM8iozA66F/
INFO [2019-03-19 22:53:35] [vlasov.evgeny]  Image from: b'programer.life'
INFO [2019-03-19 22:53:35] [vlasov.evgeny]  Link: b'https://www.instagram.com/p/BvM8iozA66F/'
INFO [2019-03-19 22:53:35] [vlasov.evgeny]  Description: b'\xf0\x9f\x93\xa9 For sponsored post: DM \xe2\x80\xa2 \xf0\x9f\x92\x8e Are you looking for advertising for your instagram? write on: DM \xf0\x9f\x93\x88 My instagram is visited by 1,400,000 people a week. \xe2\x80\xa2 #programmer #programming #coding #coderlife #code #coder #developer #development #webdeveloper #programminghumour #programmingmemes #softwaredeveloper #softwareengineer  #software #hardware #computer #technology #hacker #hacking #c #html #javascript #java #webdeveloper #webdesign #geek #nerd #funny #bug #algorithm'
INFO [2019-03-19 22:53:39] [vlasov.evgeny]  User: 'programer.life'  |> followers: 63587  |> following: 1  |> relationship ratio: 63587.0
INFO [2019-03-19 22:53:48] [vlasov.evgeny]  Last follow is verified after reloading the page!
INFO [2019-03-19 22:53:48] [vlasov.evgeny]  --> Followed 'b'programer.life''!
INFO [2019-03-19 22:53:50] [vlasov.evgeny]  [2/10]
INFO [2019-03-19 22:53:50] [vlasov.evgeny]  https://www.instagram.com/p/BvM8PAoFAOv/
INFO [2019-03-19 22:53:54] [vlasov.evgeny]  Image from: b'ecuador.ai'
INFO [2019-03-19 22:53:54] [vlasov.evgeny]  Link: b'https://www.instagram.com/p/BvM8PAoFAOv/'
INFO [2019-03-19 22:53:54] [vlasov.evgeny]  Description: b'A deep learning model created by @nvidia has created a new tool called GauGAN, which can create landscapes through a 2D sketch.\n-\n-\n#programacion #programmerslife\xf0\x9f\x92\xbb #programmeer #programmer #codings #code #developer #ingeniero #ingeniera #engineering #coder #github #computerworld #computers #fortnite #computer #programador #programadora #linux #ubuntu #geek #java #informaticos #gamer #gammers #pcgaming #intelig\xc3\xaanciaartificial #ai #machinelearning #deeplearning'
INFO [2019-03-19 22:53:59] [vlasov.evgeny]  User: 'ecuador.ai'  |> followers: 52  |> following: 56  |> relationship ratio: 0.92
INFO [2019-03-19 22:53:59] [vlasov.evgeny]  'ecuador.ai' is not a potential user with the relationship ratio of 0.92  ~skipping user

INFO [2019-03-19 22:53:59] [vlasov.evgeny]  [3/10]
INFO [2019-03-19 22:53:59] [vlasov.evgeny]  https://www.instagram.com/p/BvM8ZMwA7Da/
INFO [2019-03-19 22:54:03] [vlasov.evgeny]  Image from: b'sanibelsprout'
INFO [2019-03-19 22:54:03] [vlasov.evgeny]  Link: b'https://www.instagram.com/p/BvM8ZMwA7Da/'
INFO [2019-03-19 22:54:03] [vlasov.evgeny]  Description: b'My morning rise is a double shot of Guatemalan espresso using @narrativecoffeeroasters beautifully roasted beans, steamed macadamia milk for the richest foam & just a touch of mocha. Miggy will be at the coffee bar at 7am tomorrow, ready to make your own favorite java, so stop in and see her and create your own perfect morning sip! \n#java #coffee #espresso #vegan #cafe #juicebar #tropical #islandstyle #earlybird #loveatfirstsip #plantbased #healthyoptions #eatlikeaboss #cheers'
INFO [2019-03-19 22:54:03] [vlasov.evgeny]  Location: b'The Sanibel Sprout'
INFO [2019-03-19 22:54:07] [vlasov.evgeny]  User: 'sanibelsprout'  |> followers: 1464  |> following: 1499  |> relationship ratio: 0.97
INFO [2019-03-19 22:54:07] [vlasov.evgeny]  'sanibelsprout' is not a potential user with the relationship ratio of 0.97  ~skipping user

INFO [2019-03-19 22:54:07] [vlasov.evgeny]  [4/10]
INFO [2019-03-19 22:54:07] [vlasov.evgeny]  https://www.instagram.com/p/BvM8XjcFTxL/
INFO [2019-03-19 22:54:11] [vlasov.evgeny]  Image from: b'foto_forysiak'
INFO [2019-03-19 22:54:11] [vlasov.evgeny]  Link: b'https://www.instagram.com/p/BvM8XjcFTxL/'
INFO [2019-03-19 22:54:11] [vlasov.evgeny]  Description: b'Kapitan.\nKolejne zdj\xc4\x99cie z treningu.\n#best #man #polishman #zuzel #danger #extreame #sport #speedwayekstraliga #motorsport #photographer #pasion #motor #red #capitan #java #gm #pasja #ryzyko #pentel #instafoto #trening #photosport #motorsports #falubaz #zielonagora #fotoforysiak #instasport \n@falubazspeedway \n@falubazzg\n@protasiewiczp \n@pentelpolska \n@foto_forysiak'
INFO [2019-03-19 22:54:16] [vlasov.evgeny]  User: 'foto_forysiak'  |> followers: 736  |> following: 743  |> relationship ratio: 0.99
INFO [2019-03-19 22:54:16] [vlasov.evgeny]  'foto_forysiak' is not a potential user with the relationship ratio of 0.99  ~skipping user

INFO [2019-03-19 22:54:16] [vlasov.evgeny]  [5/10]
INFO [2019-03-19 22:54:16] [vlasov.evgeny]  https://www.instagram.com/p/BvM8KSYAwES/
INFO [2019-03-19 22:54:20] [vlasov.evgeny]  Image from: b'xphs'
INFO [2019-03-19 22:54:20] [vlasov.evgeny]  Link: b'https://www.instagram.com/p/BvM8KSYAwES/'
INFO [2019-03-19 22:54:20] [vlasov.evgeny]  Description: b'Anonymous groot \xf0\x9f\x98\xb1\xf0\x9f\xa4\xa3\xf0\x9f\x98\xad'
INFO [2019-03-19 22:54:24] [vlasov.evgeny]  User: 'xphs'  |> followers: 7338  |> following: 5972  |> relationship ratio: 1.22
INFO [2019-03-19 22:54:33] [vlasov.evgeny]  Last follow is verified after reloading the page!
INFO [2019-03-19 22:54:33] [vlasov.evgeny]  --> Followed 'b'xphs''!
INFO [2019-03-19 22:54:36] [vlasov.evgeny]  [6/10]
INFO [2019-03-19 22:54:36] [vlasov.evgeny]  https://www.instagram.com/p/BvM68RnH4-Q/
INFO [2019-03-19 22:54:39] [vlasov.evgeny]  Image from: b'darkmen47'
INFO [2019-03-19 22:54:39] [vlasov.evgeny]  Link: b'https://www.instagram.com/p/BvM68RnH4-Q/'
INFO [2019-03-19 22:54:39] [vlasov.evgeny]  Description: b'dijital d\xc3\xb6n\xc3\xbc\xc5\x9f\xc3\xbcm\xc3\xbcn hikayesi\xf0\x9f\x98\x80\xe2\x98\xba -\n-\n-\n-\n-\n-\n-\n#d\xc3\xb6n\xc3\xbc\xc5\x9f\xc3\xbcm #teknoloji #nanoteknoloji #ileti\xc5\x9fim #\xc3\xa7a\xc4\x9flardateknoloji #geli\xc5\x9fim #teknolojiningeli\xc5\x9fimi #bilgisayar #bili\xc5\x9fim #laptop #1995 #masa\xc3\xbcst\xc3\xbc #lenovo #casper #yoga #expert #matematik #yaz\xc4\xb1l\xc4\xb1m #programlama #yaz\xc4\xb1l\xc4\xb1m dili #python #c++ #c+ #css #javascript #java'
INFO [2019-03-19 22:54:44] [vlasov.evgeny]  User: 'darkmen47'  |> followers: 968  |> following: 427  |> relationship ratio: 2.26
INFO [2019-03-19 22:54:54] [vlasov.evgeny]  Last follow is verified after reloading the page!
INFO [2019-03-19 22:54:54] [vlasov.evgeny]  --> Followed 'b'darkmen47''!
INFO [2019-03-19 22:54:57] [vlasov.evgeny]  [7/10]
INFO [2019-03-19 22:54:57] [vlasov.evgeny]  https://www.instagram.com/p/BvM7j4LA5nJ/
INFO [2019-03-19 22:55:01] [vlasov.evgeny]  Image from: b'clevergirldinah'
INFO [2019-03-19 22:55:01] [vlasov.evgeny]  Link: b'https://www.instagram.com/p/BvM7j4LA5nJ/'
INFO [2019-03-19 22:55:01] [vlasov.evgeny]  Description: b'Support black owned coffee shop #UrbanGrind next time you\xe2\x80\x99re in ATL and don\xe2\x80\x99t worry about why my code says \xe2\x80\x9cBitch You Guessed It! wooo!\xe2\x80\x9d \xf0\x9f\x98\x82 (I was learning javafx and listening to The Read. Soon I\xe2\x80\x99ll use it to make an application that calculates the minimum speed of a roller coaster based on the height of its vertical loop, but while I learn I like to amuse myself \xf0\x9f\xa4\xb7\xf0\x9f\x8f\xbe\xe2\x80\x8d\xe2\x99\x80\xef\xb8\x8f) \xe2\x80\xa2\n\xe2\x80\xa2\n\xe2\x80\xa2\n\xe2\x80\xa2\n\xe2\x80\xa2\n\xe2\x80\xa2\n\xe2\x80\xa2\n\xe2\x80\xa2\n\xe2\x80\xa2\n\xe2\x80\xa2\n#java #blackowned #STEM #blacksinSTEM #computersciencemajor\n#csmajor #blacksinTech'
INFO [2019-03-19 22:55:01] [vlasov.evgeny]  Location: b'Urban Grind'
INFO [2019-03-19 22:55:05] [vlasov.evgeny]  User: 'clevergirldinah'  |> followers: 147  |> following: 292  |> relationship ratio: 0.5
INFO [2019-03-19 22:55:05] [vlasov.evgeny]  'clevergirldinah' is not a potential user with the relationship ratio of 0.5  ~skipping user

INFO [2019-03-19 22:55:05] [vlasov.evgeny]  [8/10]
INFO [2019-03-19 22:55:05] [vlasov.evgeny]  https://www.instagram.com/p/BvM7WVVAW1b/
INFO [2019-03-19 22:55:09] [vlasov.evgeny]  Image from: b'bruursn'
INFO [2019-03-19 22:55:09] [vlasov.evgeny]  Link: b'https://www.instagram.com/p/BvM7WVVAW1b/'
INFO [2019-03-19 22:55:09] [vlasov.evgeny]  Description: b'Stairway to heaven #sky #clouds #thefloorislava #volcano #mountbromo #crater #edge #bromo #bro #running #java #indonesia #travel #holiday'
INFO [2019-03-19 22:55:09] [vlasov.evgeny]  Location: b'Gunung Bromo'
INFO [2019-03-19 22:55:13] [vlasov.evgeny]  User: 'bruursn'  |> followers: 290  |> following: 402  |> relationship ratio: 0.72
INFO [2019-03-19 22:55:13] [vlasov.evgeny]  'bruursn' is not a potential user with the relationship ratio of 0.72  ~skipping user

INFO [2019-03-19 22:55:13] [vlasov.evgeny]  [9/10]
INFO [2019-03-19 22:55:13] [vlasov.evgeny]  https://www.instagram.com/p/BvM7Vh5AKaU/
INFO [2019-03-19 22:55:17] [vlasov.evgeny]  Image from: b'_matthiasjaeger'
INFO [2019-03-19 22:55:17] [vlasov.evgeny]  Link: b'https://www.instagram.com/p/BvM7Vh5AKaU/'
INFO [2019-03-19 22:55:17] [vlasov.evgeny]  Description: b'haus-r-0.57962555 - This is the first output of a new #program in my #processing #sketchbook. I am playing with #generative #3D #scripts and thinking about my goal of creating an #architectural styled #drawing completley based on #random numbers and #geometric connections between those numbers. #grid #java #oop #opengl #processing #p3d'
INFO [2019-03-19 22:55:21] [vlasov.evgeny]  User: '_matthiasjaeger'  |> followers: 585  |> following: 856  |> relationship ratio: 0.68
INFO [2019-03-19 22:55:21] [vlasov.evgeny]  '_matthiasjaeger' is not a potential user with the relationship ratio of 0.68  ~skipping user

INFO [2019-03-19 22:55:21] [vlasov.evgeny]  [10/10]
INFO [2019-03-19 22:55:21] [vlasov.evgeny]  https://www.instagram.com/p/BvM7SuAA8Jc/
INFO [2019-03-19 22:55:25] [vlasov.evgeny]  Image from: b'topitnews'
INFO [2019-03-19 22:55:25] [vlasov.evgeny]  Link: b'https://www.instagram.com/p/BvM7SuAA8Jc/'
INFO [2019-03-19 22:55:25] [vlasov.evgeny]  Description: b'Sql injection, one of the most important vulnerabilities of the OWASP Top 10.\nHere we show you how it works!\n\nDo you want to know how to avoid it? Comment below ! \xf0\x9f\x91\x87\n\n#programming #coding #programmer #programminglife #coder #javascript #java #php #programmers #programmings #programmingisfun #developer #codinglife #programminghumor #html #webdeveloper #programmerslife #css #python #code #codingisfun #programmingjokes #programmingmemes #codingpics #coderlife #programmingcontest #programmerlife #programminglanguage #programmingstudents'
INFO [2019-03-19 22:55:29] [vlasov.evgeny]  User: 'topitnews'  |> followers: 92  |> following: 237  |> relationship ratio: 0.38
INFO [2019-03-19 22:55:29] [vlasov.evgeny]  'topitnews' is not a potential user with the relationship ratio of 0.38  ~skipping user

INFO [2019-03-19 22:55:29] [vlasov.evgeny]  Tag [2/8]
INFO [2019-03-19 22:55:29] [vlasov.evgeny]  --> b'python'
INFO [2019-03-19 22:55:40] [vlasov.evgeny]  desired amount: 10  |  top posts [disabled]: 9  |  possible posts: 1928450
INFO [2019-03-19 22:55:48] [vlasov.evgeny]  [1/10]
INFO [2019-03-19 22:55:48] [vlasov.evgeny]  https://www.instagram.com/p/BvM89xsnH0G/
INFO [2019-03-19 22:55:53] [vlasov.evgeny]  Image from: b'snakelife_'
INFO [2019-03-19 22:55:53] [vlasov.evgeny]  Link: b'https://www.instagram.com/p/BvM89xsnH0G/'
INFO [2019-03-19 22:55:53] [vlasov.evgeny]  Description: b'Ghost ghost ghost \xf0\x9f\x91\xbb #python #pythonregius #ballpython #ballpythons #ballpythonofinstagram #pythonregiusofinstagram #snake #snakes #snakeofinstagram #animaux #animals #reptiles #reptilesofinstagram'
INFO [2019-03-19 22:55:57] [vlasov.evgeny]  User: 'snakelife_'  |> followers: 86  |> following: 88  |> relationship ratio: 0.97
INFO [2019-03-19 22:55:57] [vlasov.evgeny]  'snakelife_' is not a potential user with the relationship ratio of 0.97  ~skipping user

INFO [2019-03-19 22:55:57] [vlasov.evgeny]  [2/10]
INFO [2019-03-19 22:55:57] [vlasov.evgeny]  https://www.instagram.com/p/BvM8vnmgigG/
INFO [2019-03-19 22:56:01] [vlasov.evgeny]  Image from: b'extravagancecalvi'
INFO [2019-03-19 22:56:01] [vlasov.evgeny]  Link: b'https://www.instagram.com/p/BvM8vnmgigG/'
INFO [2019-03-19 22:56:01] [vlasov.evgeny]  Description: b'\xc3\x87a commence \xc3\xa0 prendre forme \xc3\xa0 la boutique \xf0\x9f\x98\x8d #miseenplace #newcollection #sac #printempsete2019 #newbag #python#cuir #plasticmodel #handbag #fashionbag #shoes #plateforme #sacrond #bagcorner #pinkcolor #thepinkshop #lavieenrose #instastyle #inspiration #loveboutique #inspostyle #mode #girlfashion #lovemyjob #extravagancecalvi\xf0\x9f\x92\x95 #corsica #rueclemenceau'
INFO [2019-03-19 22:56:06] [vlasov.evgeny]  User: 'extravagancecalvi'  |> followers: 361  |> following: 571  |> relationship ratio: 0.63
INFO [2019-03-19 22:56:06] [vlasov.evgeny]  'extravagancecalvi' is not a potential user with the relationship ratio of 0.63  ~skipping user

INFO [2019-03-19 22:56:06] [vlasov.evgeny]  [3/10]
INFO [2019-03-19 22:56:06] [vlasov.evgeny]  https://www.instagram.com/p/BvM8sKMgriL/
INFO [2019-03-19 22:56:10] [vlasov.evgeny]  Image from: b'ssfurs_'
INFO [2019-03-19 22:56:10] [vlasov.evgeny]  Link: b'https://www.instagram.com/p/BvM8sKMgriL/'
INFO [2019-03-19 22:56:10] [vlasov.evgeny]  Description: b'We can make any jacket bespoke to you, any model, material, short or long in any colour! \xe2\x80\xa2\nTo place an order please-\nWhatsApp: +447869082662\nEmail: Enquiries@ssfurs.com\nDM us or visit our website www.ssfurs.com\n\xe2\x80\xa2\nBased in London\xf0\x9f\x93\x8d\xf0\x9f\x87\xac\xf0\x9f\x87\xa7\n\xe2\x80\xa2\nWorldwide shipping\xf0\x9f\x8c\x8e\xe2\x9c\x88\xef\xb8\x8f\n\xe2\x80\xa2\n#ssfurs #fur #realfur #furjacket #furcoat #furgilet #furfashion #londonfur #luxury #bespokejacket #bespokecoat #bespokefur #fox #rex #mink #sable #chinchilla #python #crocodile #foxfur #minkfur #chinchillafur #sablefur #crocodilejacket #belgravia #sloanestreet #westminster #soho #coventgarden #cbwomen4women'
INFO [2019-03-19 22:56:10] [vlasov.evgeny]  Location: b'Fulham Road'
INFO [2019-03-19 22:56:13] [vlasov.evgeny]  Sessional Live Report:
	|> LIKED 0 images  |  ALREADY LIKED: 0
	|> COMMENTED on 0 images
	|> FOLLOWED 4 users  |  ALREADY FOLLOWED: 0
	|> UNFOLLOWED 0 users
	|> LIKED 0 comments
	|> REPLIED to 0 comments
	|> INAPPROPRIATE images: 0
	|> NOT VALID users: 14

On session start was FOLLOWING 113 users & had 93 FOLLOWERS
[Session lasted 9.21 minutes]
INFO [2019-03-19 22:56:13] [vlasov.evgeny]  Session ended!
